<?xml version="1.0" encoding="UTF-8"?>
<testng-results skipped="0" failed="1" ignored="1" total="2" passed="0">
  <reporter-output>
  </reporter-output>
  <suite name="Default Suite" duration-ms="9074" started-at="2022-12-17T11:41:33 GMT" finished-at="2022-12-17T11:41:42 GMT">
    <groups>
    </groups>
    <test name="sample-page-factory-project" duration-ms="9074" started-at="2022-12-17T11:41:33 GMT" finished-at="2022-12-17T11:41:42 GMT">
      <class name="com.nopcommerce.demo.testsuite.LoginPageTest">
        <test-method status="PASS" signature="setUp()[pri:0, instance:com.nopcommerce.demo.testsuite.LoginPageTest@4671e53b]" name="setUp" is-config="true" duration-ms="6174" started-at="2022-12-17T11:41:34 GMT" finished-at="2022-12-17T11:41:40 GMT">
          <reporter-output>
          </reporter-output>
        </test-method> <!-- setUp -->
        <test-method status="PASS" signature="inIt()[pri:0, instance:com.nopcommerce.demo.testsuite.LoginPageTest@4671e53b]" name="inIt" is-config="true" duration-ms="114" started-at="2022-12-17T11:41:40 GMT" finished-at="2022-12-17T11:41:40 GMT">
          <reporter-output>
          </reporter-output>
        </test-method> <!-- inIt -->
        <test-method status="FAIL" signature="verifyUserShouldNavigateToLoginPage()[pri:0, instance:com.nopcommerce.demo.testsuite.LoginPageTest@4671e53b]" name="verifyUserShouldNavigateToLoginPage" duration-ms="1262" started-at="2022-12-17T11:41:40 GMT" finished-at="2022-12-17T11:41:41 GMT">
          <exception class="java.lang.AssertionError">
            <message>
              <![CDATA[Login page not displayed expected [Welcome, Please Sign In!] but found [Welcome, Please Sign In]]]>
            </message>
            <full-stacktrace>
              <![CDATA[java.lang.AssertionError: Login page not displayed expected [Welcome, Please Sign In!] but found [Welcome, Please Sign In]
at org.testng.Assert.fail(Assert.java:110)
at org.testng.Assert.failNotEquals(Assert.java:1413)
at org.testng.Assert.assertEqualsImpl(Assert.java:149)
at org.testng.Assert.assertEquals(Assert.java:131)
at org.testng.Assert.assertEquals(Assert.java:655)
at com.nopcommerce.demo.testsuite.LoginPageTest.verifyUserShouldNavigateToLoginPage(LoginPageTest.java:32)
at sun.reflect.NativeMethodAccessorImpl.invoke0(Native Method)
at sun.reflect.NativeMethodAccessorImpl.invoke(NativeMethodAccessorImpl.java:62)
at sun.reflect.DelegatingMethodAccessorImpl.invoke(DelegatingMethodAccessorImpl.java:43)
at java.lang.reflect.Method.invoke(Method.java:498)
at org.testng.internal.invokers.MethodInvocationHelper.invokeMethod(MethodInvocationHelper.java:135)
at org.testng.internal.invokers.TestInvoker.invokeMethod(TestInvoker.java:673)
at org.testng.internal.invokers.TestInvoker.invokeTestMethod(TestInvoker.java:220)
at org.testng.internal.invokers.MethodRunner.runInSequence(MethodRunner.java:50)
at org.testng.internal.invokers.TestInvoker$MethodInvocationAgent.invoke(TestInvoker.java:945)
at org.testng.internal.invokers.TestInvoker.invokeTestMethods(TestInvoker.java:193)
at org.testng.internal.invokers.TestMethodWorker.invokeTestMethods(TestMethodWorker.java:146)
at org.testng.internal.invokers.TestMethodWorker.run(TestMethodWorker.java:128)
at java.util.ArrayList.forEach(ArrayList.java:1249)
at org.testng.TestRunner.privateRun(TestRunner.java:808)
at org.testng.TestRunner.run(TestRunner.java:603)
at org.testng.SuiteRunner.runTest(SuiteRunner.java:429)
at org.testng.SuiteRunner.runSequentially(SuiteRunner.java:423)
at org.testng.SuiteRunner.privateRun(SuiteRunner.java:383)
at org.testng.SuiteRunner.run(SuiteRunner.java:326)
at org.testng.SuiteRunnerWorker.runSuite(SuiteRunnerWorker.java:52)
at org.testng.SuiteRunnerWorker.run(SuiteRunnerWorker.java:95)
at org.testng.TestNG.runSuitesSequentially(TestNG.java:1249)
at org.testng.TestNG.runSuitesLocally(TestNG.java:1169)
at org.testng.TestNG.runSuites(TestNG.java:1092)
at org.testng.TestNG.run(TestNG.java:1060)
at com.intellij.rt.testng.IDEARemoteTestNG.run(IDEARemoteTestNG.java:66)
at com.intellij.rt.testng.RemoteTestNGStarter.main(RemoteTestNGStarter.java:109)
]]>
            </full-stacktrace>
          </exception> <!-- java.lang.AssertionError -->
          <reporter-output>
          </reporter-output>
        </test-method> <!-- verifyUserShouldNavigateToLoginPage -->
        <test-method status="PASS" signature="tearDown()[pri:0, instance:com.nopcommerce.demo.testsuite.LoginPageTest@4671e53b]" name="tearDown" is-config="true" duration-ms="826" started-at="2022-12-17T11:41:41 GMT" finished-at="2022-12-17T11:41:42 GMT">
          <reporter-output>
          </reporter-output>
        </test-method> <!-- tearDown -->
      </class> <!-- com.nopcommerce.demo.testsuite.LoginPageTest -->
    </test> <!-- sample-page-factory-project -->
  </suite> <!-- Default Suite -->
</testng-results>
